<?xml version="1.0" encoding="UTF-8"?>
<!-- Generated by org.testng.reporters.JUnitXMLReporter -->
<testsuite ignored="0" hostname="Gauravs-Air" failures="2" tests="2" name="Test" time="23.216" errors="0" timestamp="2021-06-13T12:26:29 IST">
  <testcase classname="com.OrangeHRM.TestScripts.TestLogin" name="loginTest" time="3.237">
    <failure type="java.lang.AssertionError" message="Guru99 Bank Manager HomePage expected:&amp;lt;Guru99 Bank Manager HomePage&amp;gt; but was:&amp;lt;Test Failed, Home Page title does not match&amp;gt;">
        <![CDATA[java.lang.AssertionError: Guru99 Bank Manager HomePage expected:<Guru99 Bank Manager HomePage> but was:<Test Failed, Home Page title does not match>
at com.OrangeHRM.TestScripts.TestLogin.loginTest(TestLogin.java:17)
at java.base/java.util.ArrayList.forEach(ArrayList.java:1378)
... Removed 28 stack frames]]>
    </failure>
  </testcase> <!-- loginTest -->
  <testcase classname="com.OrangeHRM.TestScripts.TestLogin" name="validateHomePageFields" time="4.128">
    <failure type="java.lang.AssertionError" message="Guru99 Bank Manager HomePage expected:&amp;lt;Guru99 Bank Manager HomePage&amp;gt; but was:&amp;lt;Test Failed, Home Page title does not match&amp;gt;">
        <![CDATA[java.lang.AssertionError: Guru99 Bank Manager HomePage expected:<Guru99 Bank Manager HomePage> but was:<Test Failed, Home Page title does not match>
at com.OrangeHRM.TestScripts.TestLogin.validateHomePageFields(TestLogin.java:26)
at java.base/java.util.ArrayList.forEach(ArrayList.java:1378)
... Removed 28 stack frames]]>
    </failure>
  </testcase> <!-- validateHomePageFields -->
</testsuite> <!-- Test -->
