<?xml version="1.0" encoding="UTF-8"?>
<testng-results ignored="0" total="2" passed="0" failed="2" skipped="0">
  <reporter-output>
  </reporter-output>
  <suite started-at="2021-06-13T12:14:29 IST" name="Suite" finished-at="2021-06-13T12:14:49 IST" duration-ms="19876">
    <groups>
    </groups>
    <test started-at="2021-06-13T12:14:29 IST" name="Test" finished-at="2021-06-13T12:14:49 IST" duration-ms="19876">
      <class name="com.MiniBank.TestScripts.TestLogin">
        <test-method is-config="true" signature="setup()[pri:0, instance:com.MiniBank.TestScripts.TestLogin@69997e9d]" started-at="2021-06-13T12:14:29 IST" name="setup" finished-at="2021-06-13T12:14:38 IST" duration-ms="9012" status="PASS">
          <reporter-output>
          </reporter-output>
        </test-method> <!-- setup -->
        <test-method signature="loginTest()[pri:0, instance:com.MiniBank.TestScripts.TestLogin@69997e9d]" started-at="2021-06-13T12:14:38 IST" name="loginTest" finished-at="2021-06-13T12:14:40 IST" duration-ms="2450" status="FAIL">
          <exception class="java.lang.AssertionError">
            <message>
              <![CDATA[Guru99 Bank Manager HomePage expected:<Guru99 Bank Manager HomePage> but was:<Test Failed, Home Page title does not match>]]>
            </message>
            <full-stacktrace>
              <![CDATA[java.lang.AssertionError: Guru99 Bank Manager HomePage expected:<Guru99 Bank Manager HomePage> but was:<Test Failed, Home Page title does not match>
at org.testng.AssertJUnit.assertEquals(AssertJUnit.java:115)
at com.MiniBank.TestScripts.TestLogin.loginTest(TestLogin.java:19)
at java.base/jdk.internal.reflect.NativeMethodAccessorImpl.invoke0(Native Method)
at java.base/jdk.internal.reflect.NativeMethodAccessorImpl.invoke(NativeMethodAccessorImpl.java:62)
at java.base/jdk.internal.reflect.DelegatingMethodAccessorImpl.invoke(DelegatingMethodAccessorImpl.java:43)
at java.base/java.lang.reflect.Method.invoke(Method.java:564)
at org.testng.internal.MethodInvocationHelper.invokeMethod(MethodInvocationHelper.java:133)
at org.testng.internal.TestInvoker.invokeMethod(TestInvoker.java:598)
at org.testng.internal.TestInvoker.invokeTestMethod(TestInvoker.java:173)
at org.testng.internal.MethodRunner.runInSequence(MethodRunner.java:46)
at org.testng.internal.TestInvoker$MethodInvocationAgent.invoke(TestInvoker.java:824)
at org.testng.internal.TestInvoker.invokeTestMethods(TestInvoker.java:146)
at org.testng.internal.TestMethodWorker.invokeTestMethods(TestMethodWorker.java:146)
at org.testng.internal.TestMethodWorker.run(TestMethodWorker.java:128)
at java.base/java.util.ArrayList.forEach(ArrayList.java:1378)
at org.testng.TestRunner.privateRun(TestRunner.java:794)
at org.testng.TestRunner.run(TestRunner.java:596)
at org.testng.SuiteRunner.runTest(SuiteRunner.java:377)
at org.testng.SuiteRunner.runSequentially(SuiteRunner.java:371)
at org.testng.SuiteRunner.privateRun(SuiteRunner.java:332)
at org.testng.SuiteRunner.run(SuiteRunner.java:276)
at org.testng.SuiteRunnerWorker.runSuite(SuiteRunnerWorker.java:53)
at org.testng.SuiteRunnerWorker.run(SuiteRunnerWorker.java:96)
at org.testng.TestNG.runSuitesSequentially(TestNG.java:1212)
at org.testng.TestNG.runSuitesLocally(TestNG.java:1134)
at org.testng.TestNG.runSuites(TestNG.java:1063)
at org.testng.TestNG.run(TestNG.java:1031)
at org.testng.remote.AbstractRemoteTestNG.run(AbstractRemoteTestNG.java:115)
at org.testng.remote.RemoteTestNG.initAndRun(RemoteTestNG.java:251)
at org.testng.remote.RemoteTestNG.main(RemoteTestNG.java:77)
]]>
            </full-stacktrace>
          </exception> <!-- java.lang.AssertionError -->
          <reporter-output>
          </reporter-output>
        </test-method> <!-- loginTest -->
        <test-method is-config="true" signature="teardown()[pri:0, instance:com.MiniBank.TestScripts.TestLogin@69997e9d]" started-at="2021-06-13T12:14:40 IST" name="teardown" finished-at="2021-06-13T12:14:40 IST" duration-ms="109" status="PASS">
          <reporter-output>
          </reporter-output>
        </test-method> <!-- teardown -->
        <test-method is-config="true" signature="setup()[pri:0, instance:com.MiniBank.TestScripts.TestLogin@69997e9d]" started-at="2021-06-13T12:14:40 IST" name="setup" finished-at="2021-06-13T12:14:46 IST" duration-ms="5952" status="PASS">
          <reporter-output>
          </reporter-output>
        </test-method> <!-- setup -->
        <test-method signature="validateHomePageFields()[pri:0, instance:com.MiniBank.TestScripts.TestLogin@69997e9d]" started-at="2021-06-13T12:14:46 IST" name="validateHomePageFields" finished-at="2021-06-13T12:14:48 IST" duration-ms="2185" status="FAIL">
          <exception class="java.lang.AssertionError">
            <message>
              <![CDATA[Guru99 Bank Manager HomePage expected:<Guru99 Bank Manager HomePage> but was:<Test Failed, Home Page title does not match>]]>
            </message>
            <full-stacktrace>
              <![CDATA[java.lang.AssertionError: Guru99 Bank Manager HomePage expected:<Guru99 Bank Manager HomePage> but was:<Test Failed, Home Page title does not match>
at org.testng.AssertJUnit.assertEquals(AssertJUnit.java:115)
at com.MiniBank.TestScripts.TestLogin.validateHomePageFields(TestLogin.java:28)
at java.base/jdk.internal.reflect.NativeMethodAccessorImpl.invoke0(Native Method)
at java.base/jdk.internal.reflect.NativeMethodAccessorImpl.invoke(NativeMethodAccessorImpl.java:62)
at java.base/jdk.internal.reflect.DelegatingMethodAccessorImpl.invoke(DelegatingMethodAccessorImpl.java:43)
at java.base/java.lang.reflect.Method.invoke(Method.java:564)
at org.testng.internal.MethodInvocationHelper.invokeMethod(MethodInvocationHelper.java:133)
at org.testng.internal.TestInvoker.invokeMethod(TestInvoker.java:598)
at org.testng.internal.TestInvoker.invokeTestMethod(TestInvoker.java:173)
at org.testng.internal.MethodRunner.runInSequence(MethodRunner.java:46)
at org.testng.internal.TestInvoker$MethodInvocationAgent.invoke(TestInvoker.java:824)
at org.testng.internal.TestInvoker.invokeTestMethods(TestInvoker.java:146)
at org.testng.internal.TestMethodWorker.invokeTestMethods(TestMethodWorker.java:146)
at org.testng.internal.TestMethodWorker.run(TestMethodWorker.java:128)
at java.base/java.util.ArrayList.forEach(ArrayList.java:1378)
at org.testng.TestRunner.privateRun(TestRunner.java:794)
at org.testng.TestRunner.run(TestRunner.java:596)
at org.testng.SuiteRunner.runTest(SuiteRunner.java:377)
at org.testng.SuiteRunner.runSequentially(SuiteRunner.java:371)
at org.testng.SuiteRunner.privateRun(SuiteRunner.java:332)
at org.testng.SuiteRunner.run(SuiteRunner.java:276)
at org.testng.SuiteRunnerWorker.runSuite(SuiteRunnerWorker.java:53)
at org.testng.SuiteRunnerWorker.run(SuiteRunnerWorker.java:96)
at org.testng.TestNG.runSuitesSequentially(TestNG.java:1212)
at org.testng.TestNG.runSuitesLocally(TestNG.java:1134)
at org.testng.TestNG.runSuites(TestNG.java:1063)
at org.testng.TestNG.run(TestNG.java:1031)
at org.testng.remote.AbstractRemoteTestNG.run(AbstractRemoteTestNG.java:115)
at org.testng.remote.RemoteTestNG.initAndRun(RemoteTestNG.java:251)
at org.testng.remote.RemoteTestNG.main(RemoteTestNG.java:77)
]]>
            </full-stacktrace>
          </exception> <!-- java.lang.AssertionError -->
          <reporter-output>
          </reporter-output>
        </test-method> <!-- validateHomePageFields -->
        <test-method is-config="true" signature="teardown()[pri:0, instance:com.MiniBank.TestScripts.TestLogin@69997e9d]" started-at="2021-06-13T12:14:48 IST" name="teardown" finished-at="2021-06-13T12:14:49 IST" duration-ms="114" status="PASS">
          <reporter-output>
          </reporter-output>
        </test-method> <!-- teardown -->
      </class> <!-- com.MiniBank.TestScripts.TestLogin -->
    </test> <!-- Test -->
  </suite> <!-- Suite -->
</testng-results>
